[2023-11-26T06:16:58.158+0000] {manager.py:487} INFO - Processing files using up to 2 processes at a time 
[2023-11-26T06:16:58.163+0000] {manager.py:488} INFO - Process each file at most once every 30 seconds
[2023-11-26T06:16:58.164+0000] {manager.py:489} INFO - Checking for new files in /opt/airflow/dags every 300 seconds
[2023-11-26T06:16:58.164+0000] {manager.py:755} INFO - Searching for files in /opt/airflow/dags
[2023-11-26T06:16:58.177+0000] {manager.py:758} INFO - There are 1 files in /opt/airflow/dags
[2023-11-26T06:16:58.506+0000] {manager.py:887} INFO - 
================================================================================
DAG File Processing Stats

File Path                                   PID  Runtime      # DAGs    # Errors  Last Runtime    Last Run
----------------------------------------  -----  ---------  --------  ----------  --------------  ----------
/opt/airflow/dags/shelteroutcomes_dag.py     31  0.09s             0           0
================================================================================
[2023-11-26T06:17:29.210+0000] {manager.py:887} INFO - 
================================================================================
DAG File Processing Stats

File Path                                   PID  Runtime      # DAGs    # Errors  Last Runtime    Last Run
----------------------------------------  -----  ---------  --------  ----------  --------------  -------------------
/opt/airflow/dags/shelteroutcomes_dag.py     39  0.03s             0           1  0.14s           2023-11-26T06:16:58
================================================================================
[2023-11-26T06:17:59.589+0000] {manager.py:887} INFO - 
================================================================================
DAG File Processing Stats

File Path                                 PID    Runtime      # DAGs    # Errors  Last Runtime    Last Run
----------------------------------------  -----  ---------  --------  ----------  --------------  -------------------
/opt/airflow/dags/shelteroutcomes_dag.py                           0           1  0.54s           2023-11-26T06:17:29
================================================================================
[2023-11-26T06:18:29.800+0000] {manager.py:887} INFO - 
================================================================================
DAG File Processing Stats

File Path                                 PID    Runtime      # DAGs    # Errors  Last Runtime    Last Run
----------------------------------------  -----  ---------  --------  ----------  --------------  -------------------
/opt/airflow/dags/shelteroutcomes_dag.py                           0           1  1.36s           2023-11-26T06:18:02
================================================================================
[2023-11-26T06:18:40.393+0000] {manager.py:469} INFO - Exiting gracefully upon receiving signal 15
[2023-11-26T06:23:00.131+0000] {manager.py:487} INFO - Processing files using up to 2 processes at a time 
[2023-11-26T06:23:00.133+0000] {manager.py:488} INFO - Process each file at most once every 30 seconds
[2023-11-26T06:23:00.133+0000] {manager.py:489} INFO - Checking for new files in /opt/airflow/dags every 300 seconds
[2023-11-26T06:23:00.133+0000] {manager.py:755} INFO - Searching for files in /opt/airflow/dags
[2023-11-26T06:23:00.146+0000] {manager.py:758} INFO - There are 1 files in /opt/airflow/dags
[2023-11-26T06:23:00.415+0000] {manager.py:887} INFO - 
================================================================================
DAG File Processing Stats

File Path                                   PID  Runtime      # DAGs    # Errors  Last Runtime    Last Run
----------------------------------------  -----  ---------  --------  ----------  --------------  ----------
/opt/airflow/dags/shelteroutcomes_dag.py     31  0.14s             0           0
================================================================================
[2023-11-26T06:23:30.846+0000] {manager.py:887} INFO - 
================================================================================
DAG File Processing Stats

File Path                                   PID  Runtime      # DAGs    # Errors  Last Runtime    Last Run
----------------------------------------  -----  ---------  --------  ----------  --------------  -------------------
/opt/airflow/dags/shelteroutcomes_dag.py     38  0.02s             0           1  0.15s           2023-11-26T06:23:00
================================================================================
[2023-11-26T06:24:02.313+0000] {manager.py:887} INFO - 
================================================================================
DAG File Processing Stats

File Path                                 PID    Runtime      # DAGs    # Errors  Last Runtime    Last Run
----------------------------------------  -----  ---------  --------  ----------  --------------  -------------------
/opt/airflow/dags/shelteroutcomes_dag.py                           0           1  3.98s           2023-11-26T06:23:34
================================================================================
[2023-11-26T06:24:18.705+0000] {manager.py:1137} WARNING - Skipping processing of missing file: /opt/airflow/dags/shelteroutcomes_dag.py
[2023-11-26T06:28:00.163+0000] {manager.py:755} INFO - Searching for files in /opt/airflow/dags
[2023-11-26T06:28:00.195+0000] {manager.py:758} INFO - There are 1 files in /opt/airflow/dags
[2023-11-26T06:28:11.878+0000] {manager.py:887} INFO - 
================================================================================
DAG File Processing Stats

File Path                      PID    Runtime      # DAGs    # Errors  Last Runtime    Last Run
-----------------------------  -----  ---------  --------  ----------  --------------  -------------------
/opt/airflow/dags/outcomes.py                           0           1  0.63s           2023-11-26T06:28:00
================================================================================
[2023-11-26T06:28:41.571+0000] {manager.py:487} INFO - Processing files using up to 2 processes at a time 
[2023-11-26T06:28:41.578+0000] {manager.py:488} INFO - Process each file at most once every 30 seconds
[2023-11-26T06:28:41.579+0000] {manager.py:489} INFO - Checking for new files in /opt/airflow/dags every 300 seconds
[2023-11-26T06:28:41.580+0000] {manager.py:755} INFO - Searching for files in /opt/airflow/dags
[2023-11-26T06:28:41.650+0000] {manager.py:758} INFO - There are 1 files in /opt/airflow/dags
[2023-11-26T06:28:43.663+0000] {manager.py:887} INFO - 
================================================================================
DAG File Processing Stats

File Path                        PID  Runtime      # DAGs    # Errors  Last Runtime    Last Run
-----------------------------  -----  ---------  --------  ----------  --------------  ----------
/opt/airflow/dags/outcomes.py    114  0.22s             0           0
================================================================================
[2023-11-26T06:28:49.885+0000] {manager.py:1025} ERROR - Processor for /opt/airflow/dags/outcomes.py exited with return code -9.
[2023-11-26T06:29:14.136+0000] {manager.py:887} INFO - 
================================================================================
DAG File Processing Stats

File Path                      PID    Runtime      # DAGs    # Errors  Last Runtime    Last Run
-----------------------------  -----  ---------  --------  ----------  --------------  -------------------
/opt/airflow/dags/outcomes.py                           0          -1  6.60s           2023-11-26T06:28:49
================================================================================
[2023-11-26T06:29:23.730+0000] {manager.py:1025} ERROR - Processor for /opt/airflow/dags/outcomes.py exited with return code -9.
[2023-11-26T06:29:44.581+0000] {manager.py:887} INFO - 
================================================================================
DAG File Processing Stats

File Path                      PID    Runtime      # DAGs    # Errors  Last Runtime    Last Run
-----------------------------  -----  ---------  --------  ----------  --------------  -------------------
/opt/airflow/dags/outcomes.py                           0          -1  2.82s           2023-11-26T06:29:23
================================================================================
[2023-11-26T06:29:56.169+0000] {manager.py:1025} ERROR - Processor for /opt/airflow/dags/outcomes.py exited with return code -9.
[2023-11-26T06:30:15.848+0000] {manager.py:887} INFO - 
================================================================================
DAG File Processing Stats

File Path                      PID    Runtime      # DAGs    # Errors  Last Runtime    Last Run
-----------------------------  -----  ---------  --------  ----------  --------------  -------------------
/opt/airflow/dags/outcomes.py                           0          -1  1.63s           2023-11-26T06:29:56
================================================================================
[2023-11-26T06:30:29.286+0000] {manager.py:1025} ERROR - Processor for /opt/airflow/dags/outcomes.py exited with return code -9.
[2023-11-26T06:30:46.711+0000] {manager.py:887} INFO - 
================================================================================
DAG File Processing Stats

File Path                      PID    Runtime      # DAGs    # Errors  Last Runtime    Last Run
-----------------------------  -----  ---------  --------  ----------  --------------  -------------------
/opt/airflow/dags/outcomes.py                           0          -1  2.92s           2023-11-26T06:30:29
================================================================================
[2023-11-26T06:31:11.428+0000] {manager.py:1025} ERROR - Processor for /opt/airflow/dags/outcomes.py exited with return code -9.
[2023-11-26T06:31:16.902+0000] {manager.py:887} INFO - 
================================================================================
DAG File Processing Stats

File Path                      PID    Runtime      # DAGs    # Errors  Last Runtime    Last Run
-----------------------------  -----  ---------  --------  ----------  --------------  -------------------
/opt/airflow/dags/outcomes.py                           0          -1  11.74s          2023-11-26T06:31:11
================================================================================
[2023-11-26T06:31:47.214+0000] {manager.py:887} INFO - 
================================================================================
DAG File Processing Stats

File Path                        PID  Runtime      # DAGs    # Errors  Last Runtime    Last Run
-----------------------------  -----  ---------  --------  ----------  --------------  -------------------
/opt/airflow/dags/outcomes.py    158  5.37s             0          -1  11.74s          2023-11-26T06:31:11
================================================================================
[2023-11-26T06:31:50.505+0000] {manager.py:1025} ERROR - Processor for /opt/airflow/dags/outcomes.py exited with return code -9.
[2023-11-26T06:32:17.750+0000] {manager.py:887} INFO - 
================================================================================
DAG File Processing Stats

File Path                      PID    Runtime      # DAGs    # Errors  Last Runtime    Last Run
-----------------------------  -----  ---------  --------  ----------  --------------  -------------------
/opt/airflow/dags/outcomes.py                           0          -1  8.66s           2023-11-26T06:31:50
================================================================================
[2023-11-26T06:32:37.403+0000] {manager.py:1025} ERROR - Processor for /opt/airflow/dags/outcomes.py exited with return code -9.
[2023-11-26T06:32:48.171+0000] {manager.py:887} INFO - 
================================================================================
DAG File Processing Stats

File Path                      PID    Runtime      # DAGs    # Errors  Last Runtime    Last Run
-----------------------------  -----  ---------  --------  ----------  --------------  -------------------
/opt/airflow/dags/outcomes.py                           0          -1  16.20s          2023-11-26T06:32:37
================================================================================
[2023-11-26T06:33:12.435+0000] {manager.py:1025} ERROR - Processor for /opt/airflow/dags/outcomes.py exited with return code -9.
[2023-11-26T06:33:18.959+0000] {manager.py:887} INFO - 
================================================================================
DAG File Processing Stats

File Path                      PID    Runtime      # DAGs    # Errors  Last Runtime    Last Run
-----------------------------  -----  ---------  --------  ----------  --------------  -------------------
/opt/airflow/dags/outcomes.py                           0          -1  4.81s           2023-11-26T06:33:12
================================================================================
[2023-11-26T06:33:41.907+0000] {manager.py:755} INFO - Searching for files in /opt/airflow/dags
[2023-11-26T06:33:41.981+0000] {manager.py:758} INFO - There are 1 files in /opt/airflow/dags
[2023-11-26T06:33:47.698+0000] {manager.py:1025} ERROR - Processor for /opt/airflow/dags/outcomes.py exited with return code -9.
[2023-11-26T06:33:49.078+0000] {manager.py:887} INFO - 
================================================================================
DAG File Processing Stats

File Path                      PID    Runtime      # DAGs    # Errors  Last Runtime    Last Run
-----------------------------  -----  ---------  --------  ----------  --------------  -------------------
/opt/airflow/dags/outcomes.py                           0          -1  4.20s           2023-11-26T06:33:47
================================================================================
[2023-11-26T06:34:20.039+0000] {manager.py:887} INFO - 
================================================================================
DAG File Processing Stats

File Path                        PID  Runtime      # DAGs    # Errors  Last Runtime    Last Run
-----------------------------  -----  ---------  --------  ----------  --------------  -------------------
/opt/airflow/dags/outcomes.py    194  1.28s             0          -1  4.20s           2023-11-26T06:33:47
================================================================================
[2023-11-26T06:34:24.239+0000] {manager.py:1025} ERROR - Processor for /opt/airflow/dags/outcomes.py exited with return code -9.
[2023-11-26T06:34:50.423+0000] {manager.py:887} INFO - 
================================================================================
DAG File Processing Stats

File Path                      PID    Runtime      # DAGs    # Errors  Last Runtime    Last Run
-----------------------------  -----  ---------  --------  ----------  --------------  -------------------
/opt/airflow/dags/outcomes.py                           0          -1  5.49s           2023-11-26T06:34:24
================================================================================
[2023-11-26T06:35:00.956+0000] {manager.py:1025} ERROR - Processor for /opt/airflow/dags/outcomes.py exited with return code -9.
[2023-11-26T06:35:21.400+0000] {manager.py:887} INFO - 
================================================================================
DAG File Processing Stats

File Path                      PID    Runtime      # DAGs    # Errors  Last Runtime    Last Run
-----------------------------  -----  ---------  --------  ----------  --------------  -------------------
/opt/airflow/dags/outcomes.py                           0          -1  5.99s           2023-11-26T06:35:00
================================================================================
[2023-11-26T06:35:45.608+0000] {manager.py:1025} ERROR - Processor for /opt/airflow/dags/outcomes.py exited with return code -9.
[2023-11-26T06:35:52.286+0000] {manager.py:887} INFO - 
================================================================================
DAG File Processing Stats

File Path                      PID    Runtime      # DAGs    # Errors  Last Runtime    Last Run
-----------------------------  -----  ---------  --------  ----------  --------------  -------------------
/opt/airflow/dags/outcomes.py                           0          -1  13.78s          2023-11-26T06:35:45
================================================================================
[2023-11-26T06:36:22.795+0000] {manager.py:887} INFO - 
================================================================================
DAG File Processing Stats

File Path                        PID  Runtime      # DAGs    # Errors  Last Runtime    Last Run
-----------------------------  -----  ---------  --------  ----------  --------------  -------------------
/opt/airflow/dags/outcomes.py    221  6.16s             0          -1  13.78s          2023-11-26T06:35:45
================================================================================
[2023-11-26T06:36:25.789+0000] {manager.py:1025} ERROR - Processor for /opt/airflow/dags/outcomes.py exited with return code -9.
[2023-11-26T06:36:55.831+0000] {manager.py:887} INFO - 
================================================================================
DAG File Processing Stats

File Path                      PID    Runtime      # DAGs    # Errors  Last Runtime    Last Run
-----------------------------  -----  ---------  --------  ----------  --------------  -------------------
/opt/airflow/dags/outcomes.py                           0          -1  9.14s           2023-11-26T06:36:25
================================================================================
[2023-11-26T06:37:10.392+0000] {manager.py:1025} ERROR - Processor for /opt/airflow/dags/outcomes.py exited with return code -9.
[2023-11-26T06:37:26.100+0000] {manager.py:887} INFO - 
================================================================================
DAG File Processing Stats

File Path                      PID    Runtime      # DAGs    # Errors  Last Runtime    Last Run
-----------------------------  -----  ---------  --------  ----------  --------------  -------------------
/opt/airflow/dags/outcomes.py                           0          -1  14.25s          2023-11-26T06:37:10
================================================================================
[2023-11-26T06:37:57.877+0000] {manager.py:1025} ERROR - Processor for /opt/airflow/dags/outcomes.py exited with return code -9.
[2023-11-26T06:37:57.927+0000] {manager.py:887} INFO - 
================================================================================
DAG File Processing Stats

File Path                      PID    Runtime      # DAGs    # Errors  Last Runtime    Last Run
-----------------------------  -----  ---------  --------  ----------  --------------  -------------------
/opt/airflow/dags/outcomes.py                           0          -1  16.27s          2023-11-26T06:37:57
================================================================================
[2023-11-26T06:38:28.900+0000] {manager.py:887} INFO - 
================================================================================
DAG File Processing Stats

File Path                        PID  Runtime      # DAGs    # Errors  Last Runtime    Last Run
-----------------------------  -----  ---------  --------  ----------  --------------  -------------------
/opt/airflow/dags/outcomes.py    256  0.02s             0          -1  16.27s          2023-11-26T06:37:57
================================================================================
[2023-11-26T06:38:38.818+0000] {manager.py:1025} ERROR - Processor for /opt/airflow/dags/outcomes.py exited with return code -9.
[2023-11-26T06:38:42.379+0000] {manager.py:755} INFO - Searching for files in /opt/airflow/dags
[2023-11-26T06:38:42.585+0000] {manager.py:758} INFO - There are 1 files in /opt/airflow/dags
[2023-11-26T06:38:59.947+0000] {manager.py:887} INFO - 
================================================================================
DAG File Processing Stats

File Path                      PID    Runtime      # DAGs    # Errors  Last Runtime    Last Run
-----------------------------  -----  ---------  --------  ----------  --------------  -------------------
/opt/airflow/dags/outcomes.py                           0          -1  9.92s           2023-11-26T06:38:38
================================================================================
[2023-11-26T06:39:14.058+0000] {manager.py:1025} ERROR - Processor for /opt/airflow/dags/outcomes.py exited with return code -9.
[2023-11-26T06:39:30.636+0000] {manager.py:887} INFO - 
================================================================================
DAG File Processing Stats

File Path                      PID    Runtime      # DAGs    # Errors  Last Runtime    Last Run
-----------------------------  -----  ---------  --------  ----------  --------------  -------------------
/opt/airflow/dags/outcomes.py                           0          -1  4.71s           2023-11-26T06:39:14
================================================================================
[2023-11-26T06:39:50.734+0000] {manager.py:1025} ERROR - Processor for /opt/airflow/dags/outcomes.py exited with return code -9.
[2023-11-26T06:40:01.993+0000] {manager.py:887} INFO - 
================================================================================
DAG File Processing Stats

File Path                      PID    Runtime      # DAGs    # Errors  Last Runtime    Last Run
-----------------------------  -----  ---------  --------  ----------  --------------  -------------------
/opt/airflow/dags/outcomes.py                           0          -1  5.99s           2023-11-26T06:39:50
================================================================================
[2023-11-26T06:40:29.976+0000] {manager.py:1025} ERROR - Processor for /opt/airflow/dags/outcomes.py exited with return code -9.
[2023-11-26T06:40:32.672+0000] {manager.py:887} INFO - 
================================================================================
DAG File Processing Stats

File Path                      PID    Runtime      # DAGs    # Errors  Last Runtime    Last Run
-----------------------------  -----  ---------  --------  ----------  --------------  -------------------
/opt/airflow/dags/outcomes.py                           0          -1  7.73s           2023-11-26T06:40:29
================================================================================
[2023-11-26T06:41:03.227+0000] {manager.py:887} INFO - 
================================================================================
DAG File Processing Stats

File Path                        PID  Runtime      # DAGs    # Errors  Last Runtime    Last Run
-----------------------------  -----  ---------  --------  ----------  --------------  -------------------
/opt/airflow/dags/outcomes.py    298  2.59s             0          -1  7.73s           2023-11-26T06:40:29
================================================================================
[2023-11-26T06:41:08.175+0000] {manager.py:487} INFO - Processing files using up to 2 processes at a time 
[2023-11-26T06:41:08.197+0000] {manager.py:488} INFO - Process each file at most once every 30 seconds
[2023-11-26T06:41:08.198+0000] {manager.py:489} INFO - Checking for new files in /opt/airflow/dags every 300 seconds
[2023-11-26T06:41:08.201+0000] {manager.py:755} INFO - Searching for files in /opt/airflow/dags
[2023-11-26T06:41:08.273+0000] {manager.py:758} INFO - There are 1 files in /opt/airflow/dags
[2023-11-26T06:41:09.340+0000] {manager.py:887} INFO - 
================================================================================
DAG File Processing Stats

File Path                        PID  Runtime      # DAGs    # Errors  Last Runtime    Last Run
-----------------------------  -----  ---------  --------  ----------  --------------  ----------
/opt/airflow/dags/outcomes.py    301  0.66s             0           0
================================================================================
[2023-11-26T06:41:17.944+0000] {manager.py:1025} ERROR - Processor for /opt/airflow/dags/outcomes.py exited with return code -9.
[2023-11-26T06:41:41.437+0000] {manager.py:887} INFO - 
================================================================================
DAG File Processing Stats

File Path                      PID    Runtime      # DAGs    # Errors  Last Runtime    Last Run
-----------------------------  -----  ---------  --------  ----------  --------------  -------------------
/opt/airflow/dags/outcomes.py                           0          -1  9.32s           2023-11-26T06:41:17
================================================================================
[2023-11-26T06:41:52.748+0000] {manager.py:1025} ERROR - Processor for /opt/airflow/dags/outcomes.py exited with return code -9.
[2023-11-26T06:42:11.325+0000] {manager.py:887} INFO - 
================================================================================
DAG File Processing Stats

File Path                      PID    Runtime      # DAGs    # Errors  Last Runtime    Last Run
-----------------------------  -----  ---------  --------  ----------  --------------  -------------------
/opt/airflow/dags/outcomes.py                           0          -1  3.23s           2023-11-26T06:41:52
================================================================================
